#
# A fatal error has been detected by the Java Runtime Environment:
#
#  EXCEPTION_ACCESS_VIOLATION (0xc0000005) at pc=0x00007ffd63d6c64d, pid=28856, tid=8348
#
# JRE version: OpenJDK Runtime Environment AdoptOpenJDK-11.0.11+9 (11.0.11+9) (build 11.0.11+9)
# Java VM: OpenJDK 64-Bit Server VM AdoptOpenJDK-11.0.11+9 (11.0.11+9, mixed mode, tiered, compressed oops, g1 gc, windows-amd64)
# Problematic frame:
# C  [lwjgl_opengl.dll+0xc64d]
#
# No core dump will be written. Minidumps are not enabled by default on client versions of Windows
#
# If you would like to submit a bug report, please visit:
#   https://github.com/AdoptOpenJDK/openjdk-support/issues
# The crash happened outside the Java Virtual Machine in native code.
# See problematic frame for where to report the bug.
#

---------------  S U M M A R Y ------------

Command Line: ShadowDimension

Host: Intel(R) Core(TM) i7-1065G7 CPU @ 1.30GHz, 8 cores, 15G,  Windows 10 , 64 bit Build 19041 (10.0.19041.1889)
Time: Thu Sep 29 13:34:10 2022 AUS Eastern Standard Time elapsed time: 0.370363 seconds (0d 0h 0m 0s)

---------------  T H R E A D  ---------------

Current thread (0x0000023a76ad2800):  JavaThread "main" [_thread_in_native, id=8348, stack(0x0000009a5ef00000,0x0000009a5f000000)]

Stack: [0x0000009a5ef00000,0x0000009a5f000000],  sp=0x0000009a5effeb68,  free space=1018k
Native frames: (J=compiled Java code, j=interpreted, Vv=VM code, C=native code)
C  [lwjgl_opengl.dll+0xc64d]

Java frames: (J=compiled Java code, j=interpreted, Vv=VM code)
j  org.lwjgl.opengl.GL11C.nglGenTextures(IJ)V+0
j  org.lwjgl.opengl.GL11C.glGenTextures()I+20
j  org.lwjgl.opengl.GL11.glGenTextures()I+0
j  bagel.Texture.<init>(IILjava/nio/ByteBuffer;)V+21
j  bagel.InternalFont.<init>(Ljava/lang/String;I)V+231
j  bagel.TextureManager.getFont(Ljava/lang/String;I)Lbagel/InternalFont;+41
j  bagel.Font.<init>(Ljava/lang/String;I)V+7
j  ShadowDimension.<clinit>()V+88
v  ~StubRoutines::call_stub

siginfo: EXCEPTION_ACCESS_VIOLATION (0xc0000005), reading address 0x00000000000002d8


Register to memory mapping:

RIP=0x00007ffd63d6c64d lwjgl_opengl.dll
RAX=0x0000023a1b08b130 points into unknown readable memory: 0x0000000000000000 | 00 00 00 00 00 00 00 00
RBX={method} {0x0000023a1c752f60} 'nglGenTextures' '(IJ)V' in 'org/lwjgl/opengl/GL11C'
RCX=0x0000000000000001 is an unknown value
RDX=0x0000023a1b38b81c points into unknown readable memory: 00 00 00 00
RSP=0x0000009a5effeb68 is pointing into the stack for thread: 0x0000023a76ad2800
RBP=0x0000009a5effebf8 is pointing into the stack for thread: 0x0000023a76ad2800
RSI=0x0000023a1adeab20 is pointing into metadata
RDI=0x0000023a00009c10 is at code_begin+1040 in an Interpreter codelet
invoke return entry points  [0x0000023a00009800, 0x0000023a0000a200]  2560 bytes
R8 =0x0000000000000001 is an unknown value
R9 =0x0000023a1b38b81c points into unknown readable memory: 00 00 00 00
R10=0x0 is NULL
R11=0x00000007159fa4f0 is an oop: java.lang.Class 
{0x00000007159fa4f0} - klass: 'java/lang/Class'
R12=0x0 is NULL
R13={method} {0x0000023a1c752f60} 'nglGenTextures' '(IJ)V' in 'org/lwjgl/opengl/GL11C'
R14=0x0000009a5effec28 is pointing into the stack for thread: 0x0000023a76ad2800
R15=0x0000023a76ad2800 is a thread


Registers:
RAX=0x0000023a1b08b130, RBX=0x0000023a1c752f58, RCX=0x0000000000000001, RDX=0x0000023a1b38b81c
RSP=0x0000009a5effeb68, RBP=0x0000009a5effebf8, RSI=0x0000023a1adeab20, RDI=0x0000023a00009c10
R8 =0x0000000000000001, R9 =0x0000023a1b38b81c, R10=0x0000000000000000, R11=0x00000007159fa4f0
R12=0x0000000000000000, R13=0x0000023a1c752f58, R14=0x0000009a5effec28, R15=0x0000023a76ad2800
RIP=0x00007ffd63d6c64d, EFLAGS=0x0000000000010206

Top of Stack: (sp=0x0000009a5effeb68)
0x0000009a5effeb68:   0000023a0000f377 0000023a00009c10
0x0000009a5effeb78:   0000023a0000f05c 0000023a76ad2800
0x0000009a5effeb88:   0000023a1c752f58 0000009a5effebf8
0x0000009a5effeb98:   0000023a1adeab20 0000023a00009c10
0x0000009a5effeba8:   0000023a0000f016 0000009a5effebb0
0x0000009a5effebb8:   0000023a1c752f58 0000009a5effec28
0x0000009a5effebc8:   0000023a1c75d440 0000000000000000
0x0000009a5effebd8:   00000007159fa4f0 0000023a1c752f58
0x0000009a5effebe8:   0000000000000000 0000009a5effec18
0x0000009a5effebf8:   0000009a5effec78 0000023a0000a127
0x0000009a5effec08:   00000007159fa4f0 0000023a0000c2f8
0x0000009a5effec18:   0000023a1b38b81c 0000000000000000
0x0000009a5effec28:   0000000000000001 0000009a5effec30
0x0000009a5effec38:   0000023a1c7530dc 0000009a5effeca8
0x0000009a5effec48:   0000023a1c75d440 0000000000000000
0x0000009a5effec58:   00000007159fa4f0 0000023a1c753148 

Instructions: (pc=0x00007ffd63d6c64d)
0x00007ffd63d6c54d:   cc cc cc 48 8b 01 41 0f b6 c8 48 8b 50 18 48 ff
0x00007ffd63d6c55d:   a2 d0 01 00 00 cc cc cc cc cc cc cc cc cc cc cc
0x00007ffd63d6c56d:   cc cc cc 48 8b 01 0f 28 cb 0f 28 c2 48 8b 48 18
0x00007ffd63d6c57d:   48 ff a1 d8 01 00 00 cc cc cc cc cc cc cc cc cc
0x00007ffd63d6c58d:   cc cc cc 48 8b 01 45 8b d8 44 8b 44 24 28 41 8b
0x00007ffd63d6c59d:   d1 41 8b cb 4c 8b 50 18 49 ff a2 e8 01 00 00 cc
0x00007ffd63d6c5ad:   cc cc cc 48 8b 01 41 8b c8 48 8b 50 18 48 ff a2
0x00007ffd63d6c5bd:   f0 01 00 00 cc cc cc cc cc cc cc cc cc cc cc cc
0x00007ffd63d6c5cd:   cc cc cc 40 53 48 8b 01 41 8b d8 44 8b 44 24 30
0x00007ffd63d6c5dd:   41 8b d1 4c 8b 4c 24 38 8b cb 4c 8b 50 18 5b 49
0x00007ffd63d6c5ed:   ff a2 f8 01 00 00 cc cc cc cc cc cc cc cc cc cc
0x00007ffd63d6c5fd:   cc cc cc 48 8b 01 48 8b 48 18 48 ff a1 98 02 00
0x00007ffd63d6c60d:   00 cc cc 48 8b 01 48 8b 48 18 48 ff a1 a0 02 00
0x00007ffd63d6c61d:   00 cc cc 48 8b 01 41 8b c8 48 8b 50 18 48 ff a2
0x00007ffd63d6c62d:   c8 02 00 00 cc cc cc cc cc cc cc cc cc cc cc cc
0x00007ffd63d6c63d:   cc cc cc 48 8b 01 49 8b d1 41 8b c8 4c 8b 50 18
0x00007ffd63d6c64d:   49 ff a2 d8 02 00 00 cc cc cc cc cc cc cc cc cc
0x00007ffd63d6c65d:   cc cc cc 48 8b 01 49 8b d1 41 8b c8 4c 8b 50 18
0x00007ffd63d6c66d:   49 ff a2 e0 02 00 00 cc cc cc cc cc cc cc cc cc
0x00007ffd63d6c67d:   cc cc cc 48 8b 01 49 8b d1 41 8b c8 4c 8b 50 18
0x00007ffd63d6c68d:   49 ff a2 f0 02 00 00 cc cc cc cc cc cc cc cc cc
0x00007ffd63d6c69d:   cc cc cc 48 8b 01 49 8b d1 41 8b c8 4c 8b 50 18
0x00007ffd63d6c6ad:   49 ff a2 f8 02 00 00 cc cc cc cc cc cc cc cc cc
0x00007ffd63d6c6bd:   cc cc cc 48 8b 01 49 8b d1 41 8b c8 4c 8b 50 18
0x00007ffd63d6c6cd:   49 ff a2 00 03 00 00 cc cc cc cc cc cc cc cc cc
0x00007ffd63d6c6dd:   cc cc cc 48 8b 01 49 8b d1 41 8b c8 4c 8b 50 18
0x00007ffd63d6c6ed:   49 ff a2 08 03 00 00 cc cc cc cc cc cc cc cc cc
0x00007ffd63d6c6fd:   cc cc cc 48 8b 01 48 8b 48 18 48 8b 81 10 03 00
0x00007ffd63d6c70d:   00 48 ff e0 cc cc cc cc cc cc cc cc cc cc cc cc
0x00007ffd63d6c71d:   cc cc cc 48 8b 01 49 8b d1 41 8b c8 4c 8b 50 18
0x00007ffd63d6c72d:   49 ff a2 68 03 00 00 cc cc cc cc cc cc cc cc cc
0x00007ffd63d6c73d:   cc cc cc 48 8b 01 48 8b 48 18 48 8b 81 78 03 00 


Stack slot to memory mapping:
stack at sp + 0 slots: 0x0000023a0000f377 is at code_begin+1047 in an Interpreter codelet
method entry point (kind = native)  [0x0000023a0000ef60, 0x0000023a0000fa00]  2720 bytes
stack at sp + 1 slots: 0x0000023a00009c10 is at code_begin+1040 in an Interpreter codelet
invoke return entry points  [0x0000023a00009800, 0x0000023a0000a200]  2560 bytes
stack at sp + 2 slots: 0x0000023a0000f05c is at code_begin+252 in an Interpreter codelet
method entry point (kind = native)  [0x0000023a0000ef60, 0x0000023a0000fa00]  2720 bytes
stack at sp + 3 slots: 0x0000023a76ad2800 is a thread
stack at sp + 4 slots: {method} {0x0000023a1c752f60} 'nglGenTextures' '(IJ)V' in 'org/lwjgl/opengl/GL11C'
stack at sp + 5 slots: 0x0000009a5effebf8 is pointing into the stack for thread: 0x0000023a76ad2800
stack at sp + 6 slots: 0x0000023a1adeab20 is pointing into metadata
stack at sp + 7 slots: 0x0000023a00009c10 is at code_begin+1040 in an Interpreter codelet
invoke return entry points  [0x0000023a00009800, 0x0000023a0000a200]  2560 bytes


---------------  P R O C E S S  ---------------

Threads class SMR info:
_java_thread_list=0x0000023a1b045770, length=10, elements={
0x0000023a76ad2800, 0x0000023a1a5c4800, 0x0000023a1a5c5800, 0x0000023a1aed2000,
0x0000023a1aed4800, 0x0000023a1aed6800, 0x0000023a1aeda000, 0x0000023a1aee5000,
0x0000023a1af13000, 0x0000023a1b085000
}

Java Threads: ( => current thread )
=>0x0000023a76ad2800 JavaThread "main" [_thread_in_native, id=8348, stack(0x0000009a5ef00000,0x0000009a5f000000)]
  0x0000023a1a5c4800 JavaThread "Reference Handler" daemon [_thread_blocked, id=41452, stack(0x0000009a5f600000,0x0000009a5f700000)]
  0x0000023a1a5c5800 JavaThread "Finalizer" daemon [_thread_blocked, id=30236, stack(0x0000009a5f700000,0x0000009a5f800000)]
  0x0000023a1aed2000 JavaThread "Signal Dispatcher" daemon [_thread_blocked, id=36816, stack(0x0000009a5f800000,0x0000009a5f900000)]
  0x0000023a1aed4800 JavaThread "Attach Listener" daemon [_thread_blocked, id=30332, stack(0x0000009a5f900000,0x0000009a5fa00000)]
  0x0000023a1aed6800 JavaThread "Service Thread" daemon [_thread_blocked, id=24480, stack(0x0000009a5fa00000,0x0000009a5fb00000)]
  0x0000023a1aeda000 JavaThread "C2 CompilerThread0" daemon [_thread_blocked, id=29128, stack(0x0000009a5fb00000,0x0000009a5fc00000)]
  0x0000023a1aee5000 JavaThread "C1 CompilerThread0" daemon [_thread_blocked, id=21720, stack(0x0000009a5fc00000,0x0000009a5fd00000)]
  0x0000023a1af13000 JavaThread "Sweeper thread" daemon [_thread_blocked, id=34080, stack(0x0000009a5fd00000,0x0000009a5fe00000)]
  0x0000023a1b085000 JavaThread "Common-Cleaner" daemon [_thread_blocked, id=22672, stack(0x0000009a5ff00000,0x0000009a60000000)]

Other Threads:
  0x0000023a1a5ee000 VMThread "VM Thread" [stack: 0x0000009a5f500000,0x0000009a5f600000] [id=23612]
  0x0000023a1b084000 WatcherThread [stack: 0x0000009a5fe00000,0x0000009a5ff00000] [id=20308]
  0x0000023a76ae9800 GCTaskThread "GC Thread#0" [stack: 0x0000009a5f000000,0x0000009a5f100000] [id=24460]
  0x0000023a76b48800 ConcurrentGCThread "G1 Main Marker" [stack: 0x0000009a5f100000,0x0000009a5f200000] [id=10328]
  0x0000023a76b4b000 ConcurrentGCThread "G1 Conc#0" [stack: 0x0000009a5f200000,0x0000009a5f300000] [id=43784]
  0x0000023a1a4ad800 ConcurrentGCThread "G1 Refine#0" [stack: 0x0000009a5f300000,0x0000009a5f400000] [id=17780]
  0x0000023a1a4ae800 ConcurrentGCThread "G1 Young RemSet Sampling" [stack: 0x0000009a5f400000,0x0000009a5f500000] [id=14428]

Threads with active compile tasks:

VM state:not at safepoint (normal execution)

VM Mutex/Monitor currently owned by a thread: None

Heap address: 0x0000000706600000, size: 3994 MB, Compressed Oops mode: Zero based, Oop shift amount: 3
Narrow klass base: 0x0000000800000000, Narrow klass shift: 0
Compressed class space size: 1073741824 Address: 0x0000000800000000

Heap:
 garbage-first heap   total 256000K, used 6144K [0x0000000706600000, 0x0000000800000000)
  region size 1024K, 8 young (8192K), 0 survivors (0K)
 Metaspace       used 9247K, capacity 9431K, committed 9600K, reserved 1058816K
  class space    used 761K, capacity 832K, committed 896K, reserved 1048576K
Heap Regions: E=young(eden), S=young(survivor), O=old, HS=humongous(starts), HC=humongous(continues), CS=collection set, F=free, A=archive, TAMS=top-at-mark-start (previous, next)
|   0|0x0000000706600000, 0x0000000706600000, 0x0000000706700000|  0%| F|  |TAMS 0x0000000706600000, 0x0000000706600000| Untracked 
|   1|0x0000000706700000, 0x0000000706700000, 0x0000000706800000|  0%| F|  |TAMS 0x0000000706700000, 0x0000000706700000| Untracked 
|   2|0x0000000706800000, 0x0000000706800000, 0x0000000706900000|  0%| F|  |TAMS 0x0000000706800000, 0x0000000706800000| Untracked 
|   3|0x0000000706900000, 0x0000000706900000, 0x0000000706a00000|  0%| F|  |TAMS 0x0000000706900000, 0x0000000706900000| Untracked 
|   4|0x0000000706a00000, 0x0000000706a00000, 0x0000000706b00000|  0%| F|  |TAMS 0x0000000706a00000, 0x0000000706a00000| Untracked 
|   5|0x0000000706b00000, 0x0000000706b00000, 0x0000000706c00000|  0%| F|  |TAMS 0x0000000706b00000, 0x0000000706b00000| Untracked 
|   6|0x0000000706c00000, 0x0000000706c00000, 0x0000000706d00000|  0%| F|  |TAMS 0x0000000706c00000, 0x0000000706c00000| Untracked 
|   7|0x0000000706d00000, 0x0000000706d00000, 0x0000000706e00000|  0%| F|  |TAMS 0x0000000706d00000, 0x0000000706d00000| Untracked 
|   8|0x0000000706e00000, 0x0000000706e00000, 0x0000000706f00000|  0%| F|  |TAMS 0x0000000706e00000, 0x0000000706e00000| Untracked 
|   9|0x0000000706f00000, 0x0000000706f00000, 0x0000000707000000|  0%| F|  |TAMS 0x0000000706f00000, 0x0000000706f00000| Untracked 
|  10|0x0000000707000000, 0x0000000707000000, 0x0000000707100000|  0%| F|  |TAMS 0x0000000707000000, 0x0000000707000000| Untracked 
|  11|0x0000000707100000, 0x0000000707100000, 0x0000000707200000|  0%| F|  |TAMS 0x0000000707100000, 0x0000000707100000| Untracked 
|  12|0x0000000707200000, 0x0000000707200000, 0x0000000707300000|  0%| F|  |TAMS 0x0000000707200000, 0x0000000707200000| Untracked 
|  13|0x0000000707300000, 0x0000000707300000, 0x0000000707400000|  0%| F|  |TAMS 0x0000000707300000, 0x0000000707300000| Untracked 
|  14|0x0000000707400000, 0x0000000707400000, 0x0000000707500000|  0%| F|  |TAMS 0x0000000707400000, 0x0000000707400000| Untracked 
|  15|0x0000000707500000, 0x0000000707500000, 0x0000000707600000|  0%| F|  |TAMS 0x0000000707500000, 0x0000000707500000| Untracked 
|  16|0x0000000707600000, 0x0000000707600000, 0x0000000707700000|  0%| F|  |TAMS 0x0000000707600000, 0x0000000707600000| Untracked 
|  17|0x0000000707700000, 0x0000000707700000, 0x0000000707800000|  0%| F|  |TAMS 0x0000000707700000, 0x0000000707700000| Untracked 
|  18|0x0000000707800000, 0x0000000707800000, 0x0000000707900000|  0%| F|  |TAMS 0x0000000707800000, 0x0000000707800000| Untracked 
|  19|0x0000000707900000, 0x0000000707900000, 0x0000000707a00000|  0%| F|  |TAMS 0x0000000707900000, 0x0000000707900000| Untracked 
|  20|0x0000000707a00000, 0x0000000707a00000, 0x0000000707b00000|  0%| F|  |TAMS 0x0000000707a00000, 0x0000000707a00000| Untracked 
|  21|0x0000000707b00000, 0x0000000707b00000, 0x0000000707c00000|  0%| F|  |TAMS 0x0000000707b00000, 0x0000000707b00000| Untracked 
|  22|0x0000000707c00000, 0x0000000707c00000, 0x0000000707d00000|  0%| F|  |TAMS 0x0000000707c00000, 0x0000000707c00000| Untracked 
|  23|0x0000000707d00000, 0x0000000707d00000, 0x0000000707e00000|  0%| F|  |TAMS 0x0000000707d00000, 0x0000000707d00000| Untracked 
|  24|0x0000000707e00000, 0x0000000707e00000, 0x0000000707f00000|  0%| F|  |TAMS 0x0000000707e00000, 0x0000000707e00000| Untracked 
|  25|0x0000000707f00000, 0x0000000707f00000, 0x0000000708000000|  0%| F|  |TAMS 0x0000000707f00000, 0x0000000707f00000| Untracked 
|  26|0x0000000708000000, 0x0000000708000000, 0x0000000708100000|  0%| F|  |TAMS 0x0000000708000000, 0x0000000708000000| Untracked 
|  27|0x0000000708100000, 0x0000000708100000, 0x0000000708200000|  0%| F|  |TAMS 0x0000000708100000, 0x0000000708100000| Untracked 
|  28|0x0000000708200000, 0x0000000708200000, 0x0000000708300000|  0%| F|  |TAMS 0x0000000708200000, 0x0000000708200000| Untracked 
|  29|0x0000000708300000, 0x0000000708300000, 0x0000000708400000|  0%| F|  |TAMS 0x0000000708300000, 0x0000000708300000| Untracked 
|  30|0x0000000708400000, 0x0000000708400000, 0x0000000708500000|  0%| F|  |TAMS 0x0000000708400000, 0x0000000708400000| Untracked 
|  31|0x0000000708500000, 0x0000000708500000, 0x0000000708600000|  0%| F|  |TAMS 0x0000000708500000, 0x0000000708500000| Untracked 
|  32|0x0000000708600000, 0x0000000708600000, 0x0000000708700000|  0%| F|  |TAMS 0x0000000708600000, 0x0000000708600000| Untracked 
|  33|0x0000000708700000, 0x0000000708700000, 0x0000000708800000|  0%| F|  |TAMS 0x0000000708700000, 0x0000000708700000| Untracked 
|  34|0x0000000708800000, 0x0000000708800000, 0x0000000708900000|  0%| F|  |TAMS 0x0000000708800000, 0x0000000708800000| Untracked 
|  35|0x0000000708900000, 0x0000000708900000, 0x0000000708a00000|  0%| F|  |TAMS 0x0000000708900000, 0x0000000708900000| Untracked 
|  36|0x0000000708a00000, 0x0000000708a00000, 0x0000000708b00000|  0%| F|  |TAMS 0x0000000708a00000, 0x0000000708a00000| Untracked 
|  37|0x0000000708b00000, 0x0000000708b00000, 0x0000000708c00000|  0%| F|  |TAMS 0x0000000708b00000, 0x0000000708b00000| Untracked 
|  38|0x0000000708c00000, 0x0000000708c00000, 0x0000000708d00000|  0%| F|  |TAMS 0x0000000708c00000, 0x0000000708c00000| Untracked 
|  39|0x0000000708d00000, 0x0000000708d00000, 0x0000000708e00000|  0%| F|  |TAMS 0x0000000708d00000, 0x0000000708d00000| Untracked 
|  40|0x0000000708e00000, 0x0000000708e00000, 0x0000000708f00000|  0%| F|  |TAMS 0x0000000708e00000, 0x0000000708e00000| Untracked 
|  41|0x0000000708f00000, 0x0000000708f00000, 0x0000000709000000|  0%| F|  |TAMS 0x0000000708f00000, 0x0000000708f00000| Untracked 
|  42|0x0000000709000000, 0x0000000709000000, 0x0000000709100000|  0%| F|  |TAMS 0x0000000709000000, 0x0000000709000000| Untracked 
|  43|0x0000000709100000, 0x0000000709100000, 0x0000000709200000|  0%| F|  |TAMS 0x0000000709100000, 0x0000000709100000| Untracked 
|  44|0x0000000709200000, 0x0000000709200000, 0x0000000709300000|  0%| F|  |TAMS 0x0000000709200000, 0x0000000709200000| Untracked 
|  45|0x0000000709300000, 0x0000000709300000, 0x0000000709400000|  0%| F|  |TAMS 0x0000000709300000, 0x0000000709300000| Untracked 
|  46|0x0000000709400000, 0x0000000709400000, 0x0000000709500000|  0%| F|  |TAMS 0x0000000709400000, 0x0000000709400000| Untracked 
|  47|0x0000000709500000, 0x0000000709500000, 0x0000000709600000|  0%| F|  |TAMS 0x0000000709500000, 0x0000000709500000| Untracked 
|  48|0x0000000709600000, 0x0000000709600000, 0x0000000709700000|  0%| F|  |TAMS 0x0000000709600000, 0x0000000709600000| Untracked 
|  49|0x0000000709700000, 0x0000000709700000, 0x0000000709800000|  0%| F|  |TAMS 0x0000000709700000, 0x0000000709700000| Untracked 
|  50|0x0000000709800000, 0x0000000709800000, 0x0000000709900000|  0%| F|  |TAMS 0x0000000709800000, 0x0000000709800000| Untracked 
|  51|0x0000000709900000, 0x0000000709900000, 0x0000000709a00000|  0%| F|  |TAMS 0x0000000709900000, 0x0000000709900000| Untracked 
|  52|0x0000000709a00000, 0x0000000709a00000, 0x0000000709b00000|  0%| F|  |TAMS 0x0000000709a00000, 0x0000000709a00000| Untracked 
|  53|0x0000000709b00000, 0x0000000709b00000, 0x0000000709c00000|  0%| F|  |TAMS 0x0000000709b00000, 0x0000000709b00000| Untracked 
|  54|0x0000000709c00000, 0x0000000709c00000, 0x0000000709d00000|  0%| F|  |TAMS 0x0000000709c00000, 0x0000000709c00000| Untracked 
|  55|0x0000000709d00000, 0x0000000709d00000, 0x0000000709e00000|  0%| F|  |TAMS 0x0000000709d00000, 0x0000000709d00000| Untracked 
|  56|0x0000000709e00000, 0x0000000709e00000, 0x0000000709f00000|  0%| F|  |TAMS 0x0000000709e00000, 0x0000000709e00000| Untracked 
|  57|0x0000000709f00000, 0x0000000709f00000, 0x000000070a000000|  0%| F|  |TAMS 0x0000000709f00000, 0x0000000709f00000| Untracked 
|  58|0x000000070a000000, 0x000000070a000000, 0x000000070a100000|  0%| F|  |TAMS 0x000000070a000000, 0x000000070a000000| Untracked 
|  59|0x000000070a100000, 0x000000070a100000, 0x000000070a200000|  0%| F|  |TAMS 0x000000070a100000, 0x000000070a100000| Untracked 
|  60|0x000000070a200000, 0x000000070a200000, 0x000000070a300000|  0%| F|  |TAMS 0x000000070a200000, 0x000000070a200000| Untracked 
|  61|0x000000070a300000, 0x000000070a300000, 0x000000070a400000|  0%| F|  |TAMS 0x000000070a300000, 0x000000070a300000| Untracked 
|  62|0x000000070a400000, 0x000000070a400000, 0x000000070a500000|  0%| F|  |TAMS 0x000000070a400000, 0x000000070a400000| Untracked 
|  63|0x000000070a500000, 0x000000070a500000, 0x000000070a600000|  0%| F|  |TAMS 0x000000070a500000, 0x000000070a500000| Untracked 
|  64|0x000000070a600000, 0x000000070a600000, 0x000000070a700000|  0%| F|  |TAMS 0x000000070a600000, 0x000000070a600000| Untracked 
|  65|0x000000070a700000, 0x000000070a700000, 0x000000070a800000|  0%| F|  |TAMS 0x000000070a700000, 0x000000070a700000| Untracked 
|  66|0x000000070a800000, 0x000000070a800000, 0x000000070a900000|  0%| F|  |TAMS 0x000000070a800000, 0x000000070a800000| Untracked 
|  67|0x000000070a900000, 0x000000070a900000, 0x000000070aa00000|  0%| F|  |TAMS 0x000000070a900000, 0x000000070a900000| Untracked 
|  68|0x000000070aa00000, 0x000000070aa00000, 0x000000070ab00000|  0%| F|  |TAMS 0x000000070aa00000, 0x000000070aa00000| Untracked 
|  69|0x000000070ab00000, 0x000000070ab00000, 0x000000070ac00000|  0%| F|  |TAMS 0x000000070ab00000, 0x000000070ab00000| Untracked 
|  70|0x000000070ac00000, 0x000000070ac00000, 0x000000070ad00000|  0%| F|  |TAMS 0x000000070ac00000, 0x000000070ac00000| Untracked 
|  71|0x000000070ad00000, 0x000000070ad00000, 0x000000070ae00000|  0%| F|  |TAMS 0x000000070ad00000, 0x000000070ad00000| Untracked 
|  72|0x000000070ae00000, 0x000000070ae00000, 0x000000070af00000|  0%| F|  |TAMS 0x000000070ae00000, 0x000000070ae00000| Untracked 
|  73|0x000000070af00000, 0x000000070af00000, 0x000000070b000000|  0%| F|  |TAMS 0x000000070af00000, 0x000000070af00000| Untracked 
|  74|0x000000070b000000, 0x000000070b000000, 0x000000070b100000|  0%| F|  |TAMS 0x000000070b000000, 0x000000070b000000| Untracked 
|  75|0x000000070b100000, 0x000000070b100000, 0x000000070b200000|  0%| F|  |TAMS 0x000000070b100000, 0x000000070b100000| Untracked 
|  76|0x000000070b200000, 0x000000070b200000, 0x000000070b300000|  0%| F|  |TAMS 0x000000070b200000, 0x000000070b200000| Untracked 
|  77|0x000000070b300000, 0x000000070b300000, 0x000000070b400000|  0%| F|  |TAMS 0x000000070b300000, 0x000000070b300000| Untracked 
|  78|0x000000070b400000, 0x000000070b400000, 0x000000070b500000|  0%| F|  |TAMS 0x000000070b400000, 0x000000070b400000| Untracked 
|  79|0x000000070b500000, 0x000000070b500000, 0x000000070b600000|  0%| F|  |TAMS 0x000000070b500000, 0x000000070b500000| Untracked 
|  80|0x000000070b600000, 0x000000070b600000, 0x000000070b700000|  0%| F|  |TAMS 0x000000070b600000, 0x000000070b600000| Untracked 
|  81|0x000000070b700000, 0x000000070b700000, 0x000000070b800000|  0%| F|  |TAMS 0x000000070b700000, 0x000000070b700000| Untracked 
|  82|0x000000070b800000, 0x000000070b800000, 0x000000070b900000|  0%| F|  |TAMS 0x000000070b800000, 0x000000070b800000| Untracked 
|  83|0x000000070b900000, 0x000000070b900000, 0x000000070ba00000|  0%| F|  |TAMS 0x000000070b900000, 0x000000070b900000| Untracked 
|  84|0x000000070ba00000, 0x000000070ba00000, 0x000000070bb00000|  0%| F|  |TAMS 0x000000070ba00000, 0x000000070ba00000| Untracked 
|  85|0x000000070bb00000, 0x000000070bb00000, 0x000000070bc00000|  0%| F|  |TAMS 0x000000070bb00000, 0x000000070bb00000| Untracked 
|  86|0x000000070bc00000, 0x000000070bc00000, 0x000000070bd00000|  0%| F|  |TAMS 0x000000070bc00000, 0x000000070bc00000| Untracked 
|  87|0x000000070bd00000, 0x000000070bd00000, 0x000000070be00000|  0%| F|  |TAMS 0x000000070bd00000, 0x000000070bd00000| Untracked 
|  88|0x000000070be00000, 0x000000070be00000, 0x000000070bf00000|  0%| F|  |TAMS 0x000000070be00000, 0x000000070be00000| Untracked 
|  89|0x000000070bf00000, 0x000000070bf00000, 0x000000070c000000|  0%| F|  |TAMS 0x000000070bf00000, 0x000000070bf00000| Untracked 
|  90|0x000000070c000000, 0x000000070c000000, 0x000000070c100000|  0%| F|  |TAMS 0x000000070c000000, 0x000000070c000000| Untracked 
|  91|0x000000070c100000, 0x000000070c100000, 0x000000070c200000|  0%| F|  |TAMS 0x000000070c100000, 0x000000070c100000| Untracked 
|  92|0x000000070c200000, 0x000000070c200000, 0x000000070c300000|  0%| F|  |TAMS 0x000000070c200000, 0x000000070c200000| Untracked 
|  93|0x000000070c300000, 0x000000070c300000, 0x000000070c400000|  0%| F|  |TAMS 0x000000070c300000, 0x000000070c300000| Untracked 
|  94|0x000000070c400000, 0x000000070c400000, 0x000000070c500000|  0%| F|  |TAMS 0x000000070c400000, 0x000000070c400000| Untracked 
|  95|0x000000070c500000, 0x000000070c500000, 0x000000070c600000|  0%| F|  |TAMS 0x000000070c500000, 0x000000070c500000| Untracked 
|  96|0x000000070c600000, 0x000000070c600000, 0x000000070c700000|  0%| F|  |TAMS 0x000000070c600000, 0x000000070c600000| Untracked 
|  97|0x000000070c700000, 0x000000070c700000, 0x000000070c800000|  0%| F|  |TAMS 0x000000070c700000, 0x000000070c700000| Untracked 
|  98|0x000000070c800000, 0x000000070c800000, 0x000000070c900000|  0%| F|  |TAMS 0x000000070c800000, 0x000000070c800000| Untracked 
|  99|0x000000070c900000, 0x000000070c900000, 0x000000070ca00000|  0%| F|  |TAMS 0x000000070c900000, 0x000000070c900000| Untracked 
| 100|0x000000070ca00000, 0x000000070ca00000, 0x000000070cb00000|  0%| F|  |TAMS 0x000000070ca00000, 0x000000070ca00000| Untracked 
| 101|0x000000070cb00000, 0x000000070cb00000, 0x000000070cc00000|  0%| F|  |TAMS 0x000000070cb00000, 0x000000070cb00000| Untracked 
| 102|0x000000070cc00000, 0x000000070cc00000, 0x000000070cd00000|  0%| F|  |TAMS 0x000000070cc00000, 0x000000070cc00000| Untracked 
| 103|0x000000070cd00000, 0x000000070cd00000, 0x000000070ce00000|  0%| F|  |TAMS 0x000000070cd00000, 0x000000070cd00000| Untracked 
| 104|0x000000070ce00000, 0x000000070ce00000, 0x000000070cf00000|  0%| F|  |TAMS 0x000000070ce00000, 0x000000070ce00000| Untracked 
| 105|0x000000070cf00000, 0x000000070cf00000, 0x000000070d000000|  0%| F|  |TAMS 0x000000070cf00000, 0x000000070cf00000| Untracked 
| 106|0x000000070d000000, 0x000000070d000000, 0x000000070d100000|  0%| F|  |TAMS 0x000000070d000000, 0x000000070d000000| Untracked 
| 107|0x000000070d100000, 0x000000070d100000, 0x000000070d200000|  0%| F|  |TAMS 0x000000070d100000, 0x000000070d100000| Untracked 
| 108|0x000000070d200000, 0x000000070d200000, 0x000000070d300000|  0%| F|  |TAMS 0x000000070d200000, 0x000000070d200000| Untracked 
| 109|0x000000070d300000, 0x000000070d300000, 0x000000070d400000|  0%| F|  |TAMS 0x000000070d300000, 0x000000070d300000| Untracked 
| 110|0x000000070d400000, 0x000000070d400000, 0x000000070d500000|  0%| F|  |TAMS 0x000000070d400000, 0x000000070d400000| Untracked 
| 111|0x000000070d500000, 0x000000070d500000, 0x000000070d600000|  0%| F|  |TAMS 0x000000070d500000, 0x000000070d500000| Untracked 
| 112|0x000000070d600000, 0x000000070d600000, 0x000000070d700000|  0%| F|  |TAMS 0x000000070d600000, 0x000000070d600000| Untracked 
| 113|0x000000070d700000, 0x000000070d700000, 0x000000070d800000|  0%| F|  |TAMS 0x000000070d700000, 0x000000070d700000| Untracked 
| 114|0x000000070d800000, 0x000000070d800000, 0x000000070d900000|  0%| F|  |TAMS 0x000000070d800000, 0x000000070d800000| Untracked 
| 115|0x000000070d900000, 0x000000070d900000, 0x000000070da00000|  0%| F|  |TAMS 0x000000070d900000, 0x000000070d900000| Untracked 
| 116|0x000000070da00000, 0x000000070da00000, 0x000000070db00000|  0%| F|  |TAMS 0x000000070da00000, 0x000000070da00000| Untracked 
| 117|0x000000070db00000, 0x000000070db00000, 0x000000070dc00000|  0%| F|  |TAMS 0x000000070db00000, 0x000000070db00000| Untracked 
| 118|0x000000070dc00000, 0x000000070dc00000, 0x000000070dd00000|  0%| F|  |TAMS 0x000000070dc00000, 0x000000070dc00000| Untracked 
| 119|0x000000070dd00000, 0x000000070dd00000, 0x000000070de00000|  0%| F|  |TAMS 0x000000070dd00000, 0x000000070dd00000| Untracked 
| 120|0x000000070de00000, 0x000000070de00000, 0x000000070df00000|  0%| F|  |TAMS 0x000000070de00000, 0x000000070de00000| Untracked 
| 121|0x000000070df00000, 0x000000070df00000, 0x000000070e000000|  0%| F|  |TAMS 0x000000070df00000, 0x000000070df00000| Untracked 
| 122|0x000000070e000000, 0x000000070e000000, 0x000000070e100000|  0%| F|  |TAMS 0x000000070e000000, 0x000000070e000000| Untracked 
| 123|0x000000070e100000, 0x000000070e100000, 0x000000070e200000|  0%| F|  |TAMS 0x000000070e100000, 0x000000070e100000| Untracked 
| 124|0x000000070e200000, 0x000000070e200000, 0x000000070e300000|  0%| F|  |TAMS 0x000000070e200000, 0x000000070e200000| Untracked 
| 125|0x000000070e300000, 0x000000070e300000, 0x000000070e400000|  0%| F|  |TAMS 0x000000070e300000, 0x000000070e300000| Untracked 
| 126|0x000000070e400000, 0x000000070e400000, 0x000000070e500000|  0%| F|  |TAMS 0x000000070e400000, 0x000000070e400000| Untracked 
| 127|0x000000070e500000, 0x000000070e500000, 0x000000070e600000|  0%| F|  |TAMS 0x000000070e500000, 0x000000070e500000| Untracked 
| 128|0x000000070e600000, 0x000000070e600000, 0x000000070e700000|  0%| F|  |TAMS 0x000000070e600000, 0x000000070e600000| Untracked 
| 129|0x000000070e700000, 0x000000070e700000, 0x000000070e800000|  0%| F|  |TAMS 0x000000070e700000, 0x000000070e700000| Untracked 
| 130|0x000000070e800000, 0x000000070e800000, 0x000000070e900000|  0%| F|  |TAMS 0x000000070e800000, 0x000000070e800000| Untracked 
| 131|0x000000070e900000, 0x000000070e900000, 0x000000070ea00000|  0%| F|  |TAMS 0x000000070e900000, 0x000000070e900000| Untracked 
| 132|0x000000070ea00000, 0x000000070ea00000, 0x000000070eb00000|  0%| F|  |TAMS 0x000000070ea00000, 0x000000070ea00000| Untracked 
| 133|0x000000070eb00000, 0x000000070eb00000, 0x000000070ec00000|  0%| F|  |TAMS 0x000000070eb00000, 0x000000070eb00000| Untracked 
| 134|0x000000070ec00000, 0x000000070ec00000, 0x000000070ed00000|  0%| F|  |TAMS 0x000000070ec00000, 0x000000070ec00000| Untracked 
| 135|0x000000070ed00000, 0x000000070ed00000, 0x000000070ee00000|  0%| F|  |TAMS 0x000000070ed00000, 0x000000070ed00000| Untracked 
| 136|0x000000070ee00000, 0x000000070ee00000, 0x000000070ef00000|  0%| F|  |TAMS 0x000000070ee00000, 0x000000070ee00000| Untracked 
| 137|0x000000070ef00000, 0x000000070ef00000, 0x000000070f000000|  0%| F|  |TAMS 0x000000070ef00000, 0x000000070ef00000| Untracked 
| 138|0x000000070f000000, 0x000000070f000000, 0x000000070f100000|  0%| F|  |TAMS 0x000000070f000000, 0x000000070f000000| Untracked 
| 139|0x000000070f100000, 0x000000070f100000, 0x000000070f200000|  0%| F|  |TAMS 0x000000070f100000, 0x000000070f100000| Untracked 
| 140|0x000000070f200000, 0x000000070f200000, 0x000000070f300000|  0%| F|  |TAMS 0x000000070f200000, 0x000000070f200000| Untracked 
| 141|0x000000070f300000, 0x000000070f300000, 0x000000070f400000|  0%| F|  |TAMS 0x000000070f300000, 0x000000070f300000| Untracked 
| 142|0x000000070f400000, 0x000000070f400000, 0x000000070f500000|  0%| F|  |TAMS 0x000000070f400000, 0x000000070f400000| Untracked 
| 143|0x000000070f500000, 0x000000070f500000, 0x000000070f600000|  0%| F|  |TAMS 0x000000070f500000, 0x000000070f500000| Untracked 
| 144|0x000000070f600000, 0x000000070f600000, 0x000000070f700000|  0%| F|  |TAMS 0x000000070f600000, 0x000000070f600000| Untracked 
| 145|0x000000070f700000, 0x000000070f700000, 0x000000070f800000|  0%| F|  |TAMS 0x000000070f700000, 0x000000070f700000| Untracked 
| 146|0x000000070f800000, 0x000000070f800000, 0x000000070f900000|  0%| F|  |TAMS 0x000000070f800000, 0x000000070f800000| Untracked 
| 147|0x000000070f900000, 0x000000070f900000, 0x000000070fa00000|  0%| F|  |TAMS 0x000000070f900000, 0x000000070f900000| Untracked 
| 148|0x000000070fa00000, 0x000000070fa00000, 0x000000070fb00000|  0%| F|  |TAMS 0x000000070fa00000, 0x000000070fa00000| Untracked 
| 149|0x000000070fb00000, 0x000000070fb00000, 0x000000070fc00000|  0%| F|  |TAMS 0x000000070fb00000, 0x000000070fb00000| Untracked 
| 150|0x000000070fc00000, 0x000000070fc00000, 0x000000070fd00000|  0%| F|  |TAMS 0x000000070fc00000, 0x000000070fc00000| Untracked 
| 151|0x000000070fd00000, 0x000000070fd00000, 0x000000070fe00000|  0%| F|  |TAMS 0x000000070fd00000, 0x000000070fd00000| Untracked 
| 152|0x000000070fe00000, 0x000000070fe00000, 0x000000070ff00000|  0%| F|  |TAMS 0x000000070fe00000, 0x000000070fe00000| Untracked 
| 153|0x000000070ff00000, 0x000000070ff00000, 0x0000000710000000|  0%| F|  |TAMS 0x000000070ff00000, 0x000000070ff00000| Untracked 
| 154|0x0000000710000000, 0x0000000710000000, 0x0000000710100000|  0%| F|  |TAMS 0x0000000710000000, 0x0000000710000000| Untracked 
| 155|0x0000000710100000, 0x0000000710100000, 0x0000000710200000|  0%| F|  |TAMS 0x0000000710100000, 0x0000000710100000| Untracked 
| 156|0x0000000710200000, 0x0000000710200000, 0x0000000710300000|  0%| F|  |TAMS 0x0000000710200000, 0x0000000710200000| Untracked 
| 157|0x0000000710300000, 0x0000000710300000, 0x0000000710400000|  0%| F|  |TAMS 0x0000000710300000, 0x0000000710300000| Untracked 
| 158|0x0000000710400000, 0x0000000710400000, 0x0000000710500000|  0%| F|  |TAMS 0x0000000710400000, 0x0000000710400000| Untracked 
| 159|0x0000000710500000, 0x0000000710500000, 0x0000000710600000|  0%| F|  |TAMS 0x0000000710500000, 0x0000000710500000| Untracked 
| 160|0x0000000710600000, 0x0000000710600000, 0x0000000710700000|  0%| F|  |TAMS 0x0000000710600000, 0x0000000710600000| Untracked 
| 161|0x0000000710700000, 0x0000000710700000, 0x0000000710800000|  0%| F|  |TAMS 0x0000000710700000, 0x0000000710700000| Untracked 
| 162|0x0000000710800000, 0x0000000710800000, 0x0000000710900000|  0%| F|  |TAMS 0x0000000710800000, 0x0000000710800000| Untracked 
| 163|0x0000000710900000, 0x0000000710900000, 0x0000000710a00000|  0%| F|  |TAMS 0x0000000710900000, 0x0000000710900000| Untracked 
| 164|0x0000000710a00000, 0x0000000710a00000, 0x0000000710b00000|  0%| F|  |TAMS 0x0000000710a00000, 0x0000000710a00000| Untracked 
| 165|0x0000000710b00000, 0x0000000710b00000, 0x0000000710c00000|  0%| F|  |TAMS 0x0000000710b00000, 0x0000000710b00000| Untracked 
| 166|0x0000000710c00000, 0x0000000710c00000, 0x0000000710d00000|  0%| F|  |TAMS 0x0000000710c00000, 0x0000000710c00000| Untracked 
| 167|0x0000000710d00000, 0x0000000710d00000, 0x0000000710e00000|  0%| F|  |TAMS 0x0000000710d00000, 0x0000000710d00000| Untracked 
| 168|0x0000000710e00000, 0x0000000710e00000, 0x0000000710f00000|  0%| F|  |TAMS 0x0000000710e00000, 0x0000000710e00000| Untracked 
| 169|0x0000000710f00000, 0x0000000710f00000, 0x0000000711000000|  0%| F|  |TAMS 0x0000000710f00000, 0x0000000710f00000| Untracked 
| 170|0x0000000711000000, 0x0000000711000000, 0x0000000711100000|  0%| F|  |TAMS 0x0000000711000000, 0x0000000711000000| Untracked 
| 171|0x0000000711100000, 0x0000000711100000, 0x0000000711200000|  0%| F|  |TAMS 0x0000000711100000, 0x0000000711100000| Untracked 
| 172|0x0000000711200000, 0x0000000711200000, 0x0000000711300000|  0%| F|  |TAMS 0x0000000711200000, 0x0000000711200000| Untracked 
| 173|0x0000000711300000, 0x0000000711300000, 0x0000000711400000|  0%| F|  |TAMS 0x0000000711300000, 0x0000000711300000| Untracked 
| 174|0x0000000711400000, 0x0000000711400000, 0x0000000711500000|  0%| F|  |TAMS 0x0000000711400000, 0x0000000711400000| Untracked 
| 175|0x0000000711500000, 0x0000000711500000, 0x0000000711600000|  0%| F|  |TAMS 0x0000000711500000, 0x0000000711500000| Untracked 
| 176|0x0000000711600000, 0x0000000711600000, 0x0000000711700000|  0%| F|  |TAMS 0x0000000711600000, 0x0000000711600000| Untracked 
| 177|0x0000000711700000, 0x0000000711700000, 0x0000000711800000|  0%| F|  |TAMS 0x0000000711700000, 0x0000000711700000| Untracked 
| 178|0x0000000711800000, 0x0000000711800000, 0x0000000711900000|  0%| F|  |TAMS 0x0000000711800000, 0x0000000711800000| Untracked 
| 179|0x0000000711900000, 0x0000000711900000, 0x0000000711a00000|  0%| F|  |TAMS 0x0000000711900000, 0x0000000711900000| Untracked 
| 180|0x0000000711a00000, 0x0000000711a00000, 0x0000000711b00000|  0%| F|  |TAMS 0x0000000711a00000, 0x0000000711a00000| Untracked 
| 181|0x0000000711b00000, 0x0000000711b00000, 0x0000000711c00000|  0%| F|  |TAMS 0x0000000711b00000, 0x0000000711b00000| Untracked 
| 182|0x0000000711c00000, 0x0000000711c00000, 0x0000000711d00000|  0%| F|  |TAMS 0x0000000711c00000, 0x0000000711c00000| Untracked 
| 183|0x0000000711d00000, 0x0000000711d00000, 0x0000000711e00000|  0%| F|  |TAMS 0x0000000711d00000, 0x0000000711d00000| Untracked 
| 184|0x0000000711e00000, 0x0000000711e00000, 0x0000000711f00000|  0%| F|  |TAMS 0x0000000711e00000, 0x0000000711e00000| Untracked 
| 185|0x0000000711f00000, 0x0000000711f00000, 0x0000000712000000|  0%| F|  |TAMS 0x0000000711f00000, 0x0000000711f00000| Untracked 
| 186|0x0000000712000000, 0x0000000712000000, 0x0000000712100000|  0%| F|  |TAMS 0x0000000712000000, 0x0000000712000000| Untracked 
| 187|0x0000000712100000, 0x0000000712100000, 0x0000000712200000|  0%| F|  |TAMS 0x0000000712100000, 0x0000000712100000| Untracked 
| 188|0x0000000712200000, 0x0000000712200000, 0x0000000712300000|  0%| F|  |TAMS 0x0000000712200000, 0x0000000712200000| Untracked 
| 189|0x0000000712300000, 0x0000000712300000, 0x0000000712400000|  0%| F|  |TAMS 0x0000000712300000, 0x0000000712300000| Untracked 
| 190|0x0000000712400000, 0x0000000712400000, 0x0000000712500000|  0%| F|  |TAMS 0x0000000712400000, 0x0000000712400000| Untracked 
| 191|0x0000000712500000, 0x0000000712500000, 0x0000000712600000|  0%| F|  |TAMS 0x0000000712500000, 0x0000000712500000| Untracked 
| 192|0x0000000712600000, 0x0000000712600000, 0x0000000712700000|  0%| F|  |TAMS 0x0000000712600000, 0x0000000712600000| Untracked 
| 193|0x0000000712700000, 0x0000000712700000, 0x0000000712800000|  0%| F|  |TAMS 0x0000000712700000, 0x0000000712700000| Untracked 
| 194|0x0000000712800000, 0x0000000712800000, 0x0000000712900000|  0%| F|  |TAMS 0x0000000712800000, 0x0000000712800000| Untracked 
| 195|0x0000000712900000, 0x0000000712900000, 0x0000000712a00000|  0%| F|  |TAMS 0x0000000712900000, 0x0000000712900000| Untracked 
| 196|0x0000000712a00000, 0x0000000712a00000, 0x0000000712b00000|  0%| F|  |TAMS 0x0000000712a00000, 0x0000000712a00000| Untracked 
| 197|0x0000000712b00000, 0x0000000712b00000, 0x0000000712c00000|  0%| F|  |TAMS 0x0000000712b00000, 0x0000000712b00000| Untracked 
| 198|0x0000000712c00000, 0x0000000712c00000, 0x0000000712d00000|  0%| F|  |TAMS 0x0000000712c00000, 0x0000000712c00000| Untracked 
| 199|0x0000000712d00000, 0x0000000712d00000, 0x0000000712e00000|  0%| F|  |TAMS 0x0000000712d00000, 0x0000000712d00000| Untracked 
| 200|0x0000000712e00000, 0x0000000712e00000, 0x0000000712f00000|  0%| F|  |TAMS 0x0000000712e00000, 0x0000000712e00000| Untracked 
| 201|0x0000000712f00000, 0x0000000712f00000, 0x0000000713000000|  0%| F|  |TAMS 0x0000000712f00000, 0x0000000712f00000| Untracked 
| 202|0x0000000713000000, 0x0000000713000000, 0x0000000713100000|  0%| F|  |TAMS 0x0000000713000000, 0x0000000713000000| Untracked 
| 203|0x0000000713100000, 0x0000000713100000, 0x0000000713200000|  0%| F|  |TAMS 0x0000000713100000, 0x0000000713100000| Untracked 
| 204|0x0000000713200000, 0x0000000713200000, 0x0000000713300000|  0%| F|  |TAMS 0x0000000713200000, 0x0000000713200000| Untracked 
| 205|0x0000000713300000, 0x0000000713300000, 0x0000000713400000|  0%| F|  |TAMS 0x0000000713300000, 0x0000000713300000| Untracked 
| 206|0x0000000713400000, 0x0000000713400000, 0x0000000713500000|  0%| F|  |TAMS 0x0000000713400000, 0x0000000713400000| Untracked 
| 207|0x0000000713500000, 0x0000000713500000, 0x0000000713600000|  0%| F|  |TAMS 0x0000000713500000, 0x0000000713500000| Untracked 
| 208|0x0000000713600000, 0x0000000713600000, 0x0000000713700000|  0%| F|  |TAMS 0x0000000713600000, 0x0000000713600000| Untracked 
| 209|0x0000000713700000, 0x0000000713700000, 0x0000000713800000|  0%| F|  |TAMS 0x0000000713700000, 0x0000000713700000| Untracked 
| 210|0x0000000713800000, 0x0000000713800000, 0x0000000713900000|  0%| F|  |TAMS 0x0000000713800000, 0x0000000713800000| Untracked 
| 211|0x0000000713900000, 0x0000000713900000, 0x0000000713a00000|  0%| F|  |TAMS 0x0000000713900000, 0x0000000713900000| Untracked 
| 212|0x0000000713a00000, 0x0000000713a00000, 0x0000000713b00000|  0%| F|  |TAMS 0x0000000713a00000, 0x0000000713a00000| Untracked 
| 213|0x0000000713b00000, 0x0000000713b00000, 0x0000000713c00000|  0%| F|  |TAMS 0x0000000713b00000, 0x0000000713b00000| Untracked 
| 214|0x0000000713c00000, 0x0000000713c00000, 0x0000000713d00000|  0%| F|  |TAMS 0x0000000713c00000, 0x0000000713c00000| Untracked 
| 215|0x0000000713d00000, 0x0000000713d00000, 0x0000000713e00000|  0%| F|  |TAMS 0x0000000713d00000, 0x0000000713d00000| Untracked 
| 216|0x0000000713e00000, 0x0000000713e00000, 0x0000000713f00000|  0%| F|  |TAMS 0x0000000713e00000, 0x0000000713e00000| Untracked 
| 217|0x0000000713f00000, 0x0000000713f00000, 0x0000000714000000|  0%| F|  |TAMS 0x0000000713f00000, 0x0000000713f00000| Untracked 
| 218|0x0000000714000000, 0x0000000714000000, 0x0000000714100000|  0%| F|  |TAMS 0x0000000714000000, 0x0000000714000000| Untracked 
| 219|0x0000000714100000, 0x0000000714100000, 0x0000000714200000|  0%| F|  |TAMS 0x0000000714100000, 0x0000000714100000| Untracked 
| 220|0x0000000714200000, 0x0000000714200000, 0x0000000714300000|  0%| F|  |TAMS 0x0000000714200000, 0x0000000714200000| Untracked 
| 221|0x0000000714300000, 0x0000000714300000, 0x0000000714400000|  0%| F|  |TAMS 0x0000000714300000, 0x0000000714300000| Untracked 
| 222|0x0000000714400000, 0x0000000714400000, 0x0000000714500000|  0%| F|  |TAMS 0x0000000714400000, 0x0000000714400000| Untracked 
| 223|0x0000000714500000, 0x0000000714500000, 0x0000000714600000|  0%| F|  |TAMS 0x0000000714500000, 0x0000000714500000| Untracked 
| 224|0x0000000714600000, 0x0000000714600000, 0x0000000714700000|  0%| F|  |TAMS 0x0000000714600000, 0x0000000714600000| Untracked 
| 225|0x0000000714700000, 0x0000000714700000, 0x0000000714800000|  0%| F|  |TAMS 0x0000000714700000, 0x0000000714700000| Untracked 
| 226|0x0000000714800000, 0x0000000714800000, 0x0000000714900000|  0%| F|  |TAMS 0x0000000714800000, 0x0000000714800000| Untracked 
| 227|0x0000000714900000, 0x0000000714900000, 0x0000000714a00000|  0%| F|  |TAMS 0x0000000714900000, 0x0000000714900000| Untracked 
| 228|0x0000000714a00000, 0x0000000714a00000, 0x0000000714b00000|  0%| F|  |TAMS 0x0000000714a00000, 0x0000000714a00000| Untracked 
| 229|0x0000000714b00000, 0x0000000714b00000, 0x0000000714c00000|  0%| F|  |TAMS 0x0000000714b00000, 0x0000000714b00000| Untracked 
| 230|0x0000000714c00000, 0x0000000714c00000, 0x0000000714d00000|  0%| F|  |TAMS 0x0000000714c00000, 0x0000000714c00000| Untracked 
| 231|0x0000000714d00000, 0x0000000714d00000, 0x0000000714e00000|  0%| F|  |TAMS 0x0000000714d00000, 0x0000000714d00000| Untracked 
| 232|0x0000000714e00000, 0x0000000714e00000, 0x0000000714f00000|  0%| F|  |TAMS 0x0000000714e00000, 0x0000000714e00000| Untracked 
| 233|0x0000000714f00000, 0x0000000714f00000, 0x0000000715000000|  0%| F|  |TAMS 0x0000000714f00000, 0x0000000714f00000| Untracked 
| 234|0x0000000715000000, 0x0000000715000000, 0x0000000715100000|  0%| F|  |TAMS 0x0000000715000000, 0x0000000715000000| Untracked 
| 235|0x0000000715100000, 0x0000000715100000, 0x0000000715200000|  0%| F|  |TAMS 0x0000000715100000, 0x0000000715100000| Untracked 
| 236|0x0000000715200000, 0x0000000715200000, 0x0000000715300000|  0%| F|  |TAMS 0x0000000715200000, 0x0000000715200000| Untracked 
| 237|0x0000000715300000, 0x0000000715300000, 0x0000000715400000|  0%| F|  |TAMS 0x0000000715300000, 0x0000000715300000| Untracked 
| 238|0x0000000715400000, 0x0000000715400000, 0x0000000715500000|  0%| F|  |TAMS 0x0000000715400000, 0x0000000715400000| Untracked 
| 239|0x0000000715500000, 0x0000000715500000, 0x0000000715600000|  0%| F|  |TAMS 0x0000000715500000, 0x0000000715500000| Untracked 
| 240|0x0000000715600000, 0x0000000715600000, 0x0000000715700000|  0%| F|  |TAMS 0x0000000715600000, 0x0000000715600000| Untracked 
| 241|0x0000000715700000, 0x0000000715700000, 0x0000000715800000|  0%| F|  |TAMS 0x0000000715700000, 0x0000000715700000| Untracked 
| 242|0x0000000715800000, 0x000000071588dcc8, 0x0000000715900000| 55%| E|  |TAMS 0x0000000715800000, 0x0000000715800000| Complete 
| 243|0x0000000715900000, 0x0000000715a00000, 0x0000000715a00000|100%| E|CS|TAMS 0x0000000715900000, 0x0000000715900000| Complete 
| 244|0x0000000715a00000, 0x0000000715b00000, 0x0000000715b00000|100%| E|CS|TAMS 0x0000000715a00000, 0x0000000715a00000| Complete 
| 245|0x0000000715b00000, 0x0000000715c00000, 0x0000000715c00000|100%| E|CS|TAMS 0x0000000715b00000, 0x0000000715b00000| Complete 
| 246|0x0000000715c00000, 0x0000000715d00000, 0x0000000715d00000|100%| E|  |TAMS 0x0000000715c00000, 0x0000000715c00000| Complete 
| 247|0x0000000715d00000, 0x0000000715e00000, 0x0000000715e00000|100%| E|CS|TAMS 0x0000000715d00000, 0x0000000715d00000| Complete 
| 248|0x0000000715e00000, 0x0000000715f00000, 0x0000000715f00000|100%| E|CS|TAMS 0x0000000715e00000, 0x0000000715e00000| Complete 
| 249|0x0000000715f00000, 0x0000000716000000, 0x0000000716000000|100%| E|CS|TAMS 0x0000000715f00000, 0x0000000715f00000| Complete 

Card table byte_map: [0x0000023a0f000000,0x0000023a0f7d0000] _byte_map_base: 0x0000023a0b7cd000

Marking Bits (Prev, Next): (CMBitMap*) 0x0000023a76b37f38, (CMBitMap*) 0x0000023a76b37f70
 Prev Bits: [0x0000023a0ffa0000, 0x0000023a13e08000)
 Next Bits: [0x0000023a13e10000, 0x0000023a17c78000)

Polling page: 0x0000023a74ab0000

Metaspace:

Usage:
  Non-class:      8.40 MB capacity,     8.29 MB ( 99%) used,   100.66 KB (  1%) free+waste,    12.25 KB ( <1%) overhead. 
      Class:    832.00 KB capacity,   761.56 KB ( 92%) used,    64.31 KB (  8%) free+waste,     6.13 KB ( <1%) overhead. 
       Both:      9.21 MB capacity,     9.03 MB ( 98%) used,   164.97 KB (  2%) free+waste,    18.38 KB ( <1%) overhead. 

Virtual space:
  Non-class space:       10.00 MB reserved,       8.50 MB ( 85%) committed 
      Class space:        1.00 GB reserved,     896.00 KB ( <1%) committed 
             Both:        1.01 GB reserved,       9.38 MB ( <1%) committed 

Chunk freelists:
   Non-Class:  41.00 KB
       Class:  0 bytes
        Both:  41.00 KB

MaxMetaspaceSize: 17179869184.00 GB
CompressedClassSpaceSize: 1.00 GB

CodeHeap 'non-profiled nmethods': size=120000Kb used=155Kb max_used=155Kb free=119845Kb
 bounds [0x0000023a07ad0000, 0x0000023a07d40000, 0x0000023a0f000000]
CodeHeap 'profiled nmethods': size=120000Kb used=886Kb max_used=886Kb free=119113Kb
 bounds [0x0000023a005a0000, 0x0000023a00810000, 0x0000023a07ad0000]
CodeHeap 'non-nmethods': size=5760Kb used=1464Kb max_used=1477Kb free=4295Kb
 bounds [0x0000023a00000000, 0x0000023a00270000, 0x0000023a005a0000]
 total_blobs=1525 nmethods=579 adapters=858
 compilation: enabled
              stopped_count=0, restarted_count=0
 full_count=0

Compilation events (20 events):
Event: 0.351 Thread 0x0000023a1aee5000 nmethod 567 0x0000023a07af5110 code [0x0000023a07af52c0, 0x0000023a07af5378]
Event: 0.352 Thread 0x0000023a1aee5000  569   !   3       java.net.URL::<init> (543 bytes)
Event: 0.355 Thread 0x0000023a1aeda000  576       4       java.lang.Integer::toUnsignedLong (7 bytes)
Event: 0.355 Thread 0x0000023a1aee5000 nmethod 569 0x0000023a00673b90 code [0x0000023a00674280, 0x0000023a00677fa8]
Event: 0.356 Thread 0x0000023a1aee5000  570       3       jdk.internal.module.SystemModuleFinders$SystemModuleReader::find (54 bytes)
Event: 0.356 Thread 0x0000023a1aeda000 nmethod 576 0x0000023a07af5d90 code [0x0000023a07af5f20, 0x0000023a07af5f58]
Event: 0.356 Thread 0x0000023a1aeda000  577       4       java.lang.StringLatin1::indexOf (121 bytes)
Event: 0.356 Thread 0x0000023a1aee5000 nmethod 570 0x0000023a0067a190 code [0x0000023a0067a4c0, 0x0000023a0067b558]
Event: 0.356 Thread 0x0000023a1aee5000  574       3       sun.misc.Unsafe::putLong (11 bytes)
Event: 0.356 Thread 0x0000023a1aee5000 nmethod 574 0x0000023a0067bb90 code [0x0000023a0067bd40, 0x0000023a0067be38]
Event: 0.356 Thread 0x0000023a1aee5000  575       3       org.lwjgl.system.MemoryUtil::memPutAddress (29 bytes)
Event: 0.356 Thread 0x0000023a1aee5000 nmethod 575 0x0000023a0067bf10 code [0x0000023a0067c0c0, 0x0000023a0067c2b8]
Event: 0.356 Thread 0x0000023a1aee5000  571       3       java.util.jar.JarFile::getEntry (22 bytes)
Event: 0.357 Thread 0x0000023a1aee5000 nmethod 571 0x0000023a0067c390 code [0x0000023a0067c5c0, 0x0000023a0067cd28]
Event: 0.357 Thread 0x0000023a1aee5000  568       3       java.net.URL::<init> (8 bytes)
Event: 0.357 Thread 0x0000023a1aee5000 nmethod 568 0x0000023a0067cf90 code [0x0000023a0067d140, 0x0000023a0067d268]
Event: 0.357 Thread 0x0000023a1aee5000  578   !   3       jdk.internal.loader.URLClassPath$JarLoader::ensureOpen (36 bytes)
Event: 0.357 Thread 0x0000023a1aee5000 nmethod 578 0x0000023a0067d310 code [0x0000023a0067d500, 0x0000023a0067d958]
Event: 0.357 Thread 0x0000023a1aee5000  579       1       java.lang.NamedPackage::module (5 bytes)
Event: 0.357 Thread 0x0000023a1aee5000 nmethod 579 0x0000023a07af6010 code [0x0000023a07af61c0, 0x0000023a07af6278]

GC Heap History (0 events):
No events

Deoptimization events (20 events):
Event: 0.099 Thread 0x0000023a76ad2800 DEOPT PACKING pc=0x0000023a07ad20f8 sp=0x0000009a5effe340
Event: 0.099 Thread 0x0000023a76ad2800 DEOPT UNPACKING pc=0x0000023a000083af sp=0x0000009a5effe2d0 mode 2
Event: 0.101 Thread 0x0000023a76ad2800 Uncommon trap: trap_request=0xffffff4d fr.pc=0x0000023a07ad44a0 relative=0x0000000000000200
Event: 0.102 Thread 0x0000023a76ad2800 Uncommon trap: reason=unstable_if action=reinterpret pc=0x0000023a07ad44a0 method=java.lang.String.hashCode()I @ 14 c2
Event: 0.102 Thread 0x0000023a76ad2800 DEOPT PACKING pc=0x0000023a07ad44a0 sp=0x0000009a5effd2c0
Event: 0.102 Thread 0x0000023a76ad2800 DEOPT UNPACKING pc=0x0000023a000083af sp=0x0000009a5effd258 mode 2
Event: 0.248 Thread 0x0000023a76ad2800 DEOPT PACKING pc=0x0000023a005d9968 sp=0x0000009a5effc640
Event: 0.248 Thread 0x0000023a76ad2800 DEOPT UNPACKING pc=0x0000023a00027e8e sp=0x0000009a5effbab0 mode 0
Event: 0.307 Thread 0x0000023a76ad2800 DEOPT PACKING pc=0x0000023a0060c3c2 sp=0x0000009a5effda30
Event: 0.307 Thread 0x0000023a76ad2800 DEOPT UNPACKING pc=0x0000023a00027e8e sp=0x0000009a5effce98 mode 0
Event: 0.330 Thread 0x0000023a76ad2800 DEOPT PACKING pc=0x0000023a00662d4b sp=0x0000009a5effec20
Event: 0.330 Thread 0x0000023a76ad2800 DEOPT UNPACKING pc=0x0000023a00027e8e sp=0x0000009a5effe258 mode 0
Event: 0.334 Thread 0x0000023a76ad2800 Uncommon trap: trap_request=0xffffff4d fr.pc=0x0000023a07af240c relative=0x000000000000024c
Event: 0.334 Thread 0x0000023a76ad2800 Uncommon trap: reason=unstable_if action=reinterpret pc=0x0000023a07af240c method=bagel.InternalFont.<init>(Ljava/lang/String;I)V @ 151 c2
Event: 0.334 Thread 0x0000023a76ad2800 DEOPT PACKING pc=0x0000023a07af240c sp=0x0000009a5effeda0
Event: 0.334 Thread 0x0000023a76ad2800 DEOPT UNPACKING pc=0x0000023a000083af sp=0x0000009a5effed60 mode 2
Event: 0.343 Thread 0x0000023a76ad2800 DEOPT PACKING pc=0x0000023a005cbad0 sp=0x0000009a5effb6d0
Event: 0.343 Thread 0x0000023a76ad2800 DEOPT UNPACKING pc=0x0000023a00027e8e sp=0x0000009a5effab58 mode 0
Event: 0.356 Thread 0x0000023a76ad2800 DEOPT PACKING pc=0x0000023a005d7a7f sp=0x0000009a5effd7e0
Event: 0.356 Thread 0x0000023a76ad2800 DEOPT UNPACKING pc=0x0000023a00027e8e sp=0x0000009a5effcc58 mode 0

Classes redefined (0 events):
No events

Internal exceptions (20 events):
Event: 0.192 Thread 0x0000023a76ad2800 Exception <a 'java/lang/NoSuchMethodError'{0x0000000715c0e7d0}: 'java.lang.Object java.lang.invoke.DirectMethodHandle$Holder.invokeStaticInit(java.lang.Object, java.lang.Object, java.lang.Object)'> (0x0000000715c0e7d0) thrown at [./src/hotspot/share/interpreter/linkResolver.cpp, line 773]
Event: 0.196 Thread 0x0000023a76ad2800 Exception <a 'java/lang/NoSuchMethodError'{0x0000000715c34818}: 'int java.lang.invoke.DirectMethodHandle$Holder.invokeSpecialIFC(java.lang.Object, java.lang.Object, int)'> (0x0000000715c34818) thrown at [./src/hotspot/share/interpreter/linkResolver.cpp, line 773]
Event: 0.217 Thread 0x0000023a76ad2800 Exception <a 'sun/nio/fs/WindowsException'{0x0000000715c72828}> (0x0000000715c72828) thrown at [./src/hotspot/share/prims/jni.cpp, line 615]
Event: 0.217 Thread 0x0000023a76ad2800 Exception <a 'sun/nio/fs/WindowsException'{0x0000000715c72d78}> (0x0000000715c72d78) thrown at [./src/hotspot/share/prims/jni.cpp, line 615]
Event: 0.233 Thread 0x0000023a76ad2800 Exception <a 'sun/nio/fs/WindowsException'{0x0000000715ccdc10}> (0x0000000715ccdc10) thrown at [./src/hotspot/share/prims/jni.cpp, line 615]
Event: 0.233 Thread 0x0000023a76ad2800 Exception <a 'sun/nio/fs/WindowsException'{0x0000000715ccdf70}> (0x0000000715ccdf70) thrown at [./src/hotspot/share/prims/jni.cpp, line 615]
Event: 0.243 Thread 0x0000023a76ad2800 Exception <a 'java/lang/NoSuchMethodError'{0x0000000715b20470}: 'int java.lang.invoke.DirectMethodHandle$Holder.invokeStaticInit(java.lang.Object, java.lang.Object, int, long)'> (0x0000000715b20470) thrown at [./src/hotspot/share/interpreter/linkResolver.cpp, line 773]
Event: 0.243 Thread 0x0000023a76ad2800 Exception <a 'java/lang/NoSuchMethodError'{0x0000000715b25618}: 'java.lang.Object java.lang.invoke.Invokers$Holder.linkToTargetMethod(java.lang.Object, int, java.lang.Object)'> (0x0000000715b25618) thrown at [./src/hotspot/share/interpreter/linkResolver.cpp, line 773]
Event: 0.244 Thread 0x0000023a76ad2800 Exception <a 'java/lang/NoSuchMethodError'{0x0000000715b329b8}: 'int java.lang.invoke.DirectMethodHandle$Holder.invokeStaticInit(java.lang.Object, java.lang.Object, long, long)'> (0x0000000715b329b8) thrown at [./src/hotspot/share/interpreter/linkResolver.cpp, line 773]
Event: 0.245 Thread 0x0000023a76ad2800 Exception <a 'java/lang/NoSuchMethodError'{0x0000000715b3e118}: 'java.lang.Object java.lang.invoke.Invokers$Holder.linkToTargetMethod(java.lang.Object, long, java.lang.Object)'> (0x0000000715b3e118) thrown at [./src/hotspot/share/interpreter/linkResolver.cpp, line 773]
Event: 0.246 Thread 0x0000023a76ad2800 Exception <a 'java/lang/NoSuchMethodError'{0x0000000715b44450}: 'int java.lang.invoke.DirectMethodHandle$Holder.invokeStaticInit(java.lang.Object, java.lang.Object, java.lang.Object, long)'> (0x0000000715b44450) thrown at [./src/hotspot/share/interpreter/linkResolver.cpp, line 773]
Event: 0.285 Thread 0x0000023a76ad2800 Exception <a 'java/lang/NoSuchMethodError'{0x0000000715a2c9e0}: 'java.lang.Object java.lang.invoke.DirectMethodHandle$Holder.invokeStatic(java.lang.Object, java.lang.Object, java.lang.Object, java.lang.Object, java.lang.Object, java.lang.Object, java.lang.Object, java.lang.Object, java.lang.Object, java.lang.Object, java.lang.Object, int)'> (0x0000000715a2c9e0) thrown at [./src/hotspot/share/interpreter/linkResolver.cpp, line 773]
Event: 0.287 Thread 0x0000023a76ad2800 Exception <a 'java/lang/NoSuchMethodError'{0x0000000715a4be78}: 'java.lang.Object java.lang.invoke.DirectMethodHandle$Holder.invokeStatic(java.lang.Object, java.lang.Object, java.lang.Object, java.lang.Object, java.lang.Object, java.lang.Object, java.lang.Object, java.lang.Object, java.lang.Object, java.lang.Object, java.lang.Object, int, int)'> (0x0000000715a4be78) thrown at [./src/hotspot/share/interpreter/linkResolver.cpp, line 773]
Event: 0.288 Thread 0x0000023a76ad2800 Exception <a 'java/lang/NoSuchMethodError'{0x0000000715a6b230}: 'java.lang.Object java.lang.invoke.DirectMethodHandle$Holder.invokeStatic(java.lang.Object, java.lang.Object, java.lang.Object, java.lang.Object, java.lang.Object, java.lang.Object, java.lang.Object, java.lang.Object, java.lang.Object, java.lang.Object, java.lang.Object, int, int, java.lang.Object)'> (0x0000000715a6b230) thrown at [./src/hotspot/share/interpreter/linkResolver.cpp, line 773]
Event: 0.299 Thread 0x0000023a76ad2800 Exception <a 'sun/nio/fs/WindowsException'{0x0000000715abd850}> (0x0000000715abd850) thrown at [./src/hotspot/share/prims/jni.cpp, line 615]
Event: 0.299 Thread 0x0000023a76ad2800 Exception <a 'sun/nio/fs/WindowsException'{0x0000000715abdbd0}> (0x0000000715abdbd0) thrown at [./src/hotspot/share/prims/jni.cpp, line 615]
Event: 0.350 Thread 0x0000023a76ad2800 Exception <a 'sun/nio/fs/WindowsException'{0x00000007159c5098}> (0x00000007159c5098) thrown at [./src/hotspot/share/prims/jni.cpp, line 615]
Event: 0.350 Thread 0x0000023a76ad2800 Exception <a 'sun/nio/fs/WindowsException'{0x00000007159c5440}> (0x00000007159c5440) thrown at [./src/hotspot/share/prims/jni.cpp, line 615]
Event: 0.353 Thread 0x0000023a76ad2800 Exception <a 'sun/nio/fs/WindowsException'{0x00000007159da728}> (0x00000007159da728) thrown at [./src/hotspot/share/prims/jni.cpp, line 615]
Event: 0.353 Thread 0x0000023a76ad2800 Exception <a 'sun/nio/fs/WindowsException'{0x00000007159daa08}> (0x00000007159daa08) thrown at [./src/hotspot/share/prims/jni.cpp, line 615]

Events (20 events):
Event: 0.336 loading class org/lwjgl/opengl/GL12 done
Event: 0.337 loading class org/lwjgl/opengl/GL11
Event: 0.337 loading class org/lwjgl/opengl/GL11 done
Event: 0.342 loading class org/lwjgl/opengl/GL
Event: 0.342 loading class org/lwjgl/opengl/GL done
Event: 0.343 loading class org/lwjgl/opengl/GL$ICD
Event: 0.343 loading class org/lwjgl/opengl/GL$ICD done
Event: 0.344 loading class org/lwjgl/opengl/GL$ICDStatic
Event: 0.344 loading class org/lwjgl/opengl/GL$ICDStatic done
Event: 0.351 Loaded shared library C:\Users\qncub\AppData\Local\Temp\lwjglqncub\3.3.1-build-7\lwjgl_opengl.dll
Event: 0.352 loading class org/lwjgl/opengl/GL$2
Event: 0.352 loading class org/lwjgl/opengl/GL$2 done
Event: 0.354 loading class org/lwjgl/opengl/GL$1
Event: 0.354 loading class org/lwjgl/opengl/GL$1 done
Event: 0.355 loading class org/lwjgl/system/SharedLibrary$Delegate
Event: 0.355 loading class org/lwjgl/system/SharedLibrary$Delegate done
Event: 0.356 loading class org/lwjgl/opengl/GL11C
Event: 0.356 loading class org/lwjgl/opengl/GL11C done
Event: 0.357 loading class org/lwjgl/system/libc/LibCString
Event: 0.357 loading class org/lwjgl/system/libc/LibCString done


Dynamic libraries:
0x00007ff7c3510000 - 0x00007ff7c351d000 	C:\Program Files\AdoptOpenJDK\jdk-11.0.11.9-hotspot\bin\java.exe
0x00007ffdc3a90000 - 0x00007ffdc3c88000 	C:\WINDOWS\SYSTEM32\ntdll.dll
0x00007ffd8def0000 - 0x00007ffd8df07000 	C:\Program Files\Avast Software\Avast\aswhook.dll
0x00007ffdc1ee0000 - 0x00007ffdc1f9d000 	C:\WINDOWS\System32\KERNEL32.DLL
0x00007ffdc1490000 - 0x00007ffdc175e000 	C:\WINDOWS\System32\KERNELBASE.dll
0x00007ffdc1890000 - 0x00007ffdc1990000 	C:\WINDOWS\System32\ucrtbase.dll
0x00007ffdb9550000 - 0x00007ffdb9567000 	C:\Program Files\AdoptOpenJDK\jdk-11.0.11.9-hotspot\bin\jli.dll
0x00007ffdabb20000 - 0x00007ffdabb35000 	C:\Program Files\AdoptOpenJDK\jdk-11.0.11.9-hotspot\bin\VCRUNTIME140.dll
0x00007ffdc3180000 - 0x00007ffdc3320000 	C:\WINDOWS\System32\USER32.dll
0x00007ffdc1460000 - 0x00007ffdc1482000 	C:\WINDOWS\System32\win32u.dll
0x00007ffda2170000 - 0x00007ffda240a000 	C:\WINDOWS\WinSxS\amd64_microsoft.windows.common-controls_6595b64144ccf1df_6.0.19041.1110_none_60b5254171f9507e\COMCTL32.dll
0x00007ffdc1df0000 - 0x00007ffdc1e1a000 	C:\WINDOWS\System32\GDI32.dll
0x00007ffdc2960000 - 0x00007ffdc29fe000 	C:\WINDOWS\System32\msvcrt.dll
0x00007ffdc11b0000 - 0x00007ffdc12bb000 	C:\WINDOWS\System32\gdi32full.dll
0x00007ffdc13c0000 - 0x00007ffdc145d000 	C:\WINDOWS\System32\msvcp_win.dll
0x00007ffdc1ba0000 - 0x00007ffdc1bd0000 	C:\WINDOWS\System32\IMM32.DLL
0x00007ffd62fb0000 - 0x00007ffd6304b000 	C:\Program Files\AdoptOpenJDK\jdk-11.0.11.9-hotspot\bin\msvcp140.dll
0x00007ffd4abc0000 - 0x00007ffd4b70b000 	C:\Program Files\AdoptOpenJDK\jdk-11.0.11.9-hotspot\bin\server\jvm.dll
0x00007ffdc2e90000 - 0x00007ffdc2f3e000 	C:\WINDOWS\System32\ADVAPI32.dll
0x00007ffdc2f40000 - 0x00007ffdc2fdc000 	C:\WINDOWS\System32\sechost.dll
0x00007ffdc26f0000 - 0x00007ffdc2815000 	C:\WINDOWS\System32\RPCRT4.dll
0x00007ffdc1bd0000 - 0x00007ffdc1bd8000 	C:\WINDOWS\System32\PSAPI.DLL
0x00007ffda0a60000 - 0x00007ffda0a87000 	C:\WINDOWS\SYSTEM32\WINMM.dll
0x00007ffdb4830000 - 0x00007ffdb483a000 	C:\WINDOWS\SYSTEM32\VERSION.dll
0x00007ffdaddd0000 - 0x00007ffdaddd9000 	C:\WINDOWS\SYSTEM32\WSOCK32.dll
0x00007ffdc2fe0000 - 0x00007ffdc304b000 	C:\WINDOWS\System32\WS2_32.dll
0x00007ffdbfa30000 - 0x00007ffdbfa42000 	C:\WINDOWS\SYSTEM32\kernel.appcore.dll
0x00007ffdb9260000 - 0x00007ffdb9270000 	C:\Program Files\AdoptOpenJDK\jdk-11.0.11.9-hotspot\bin\verify.dll
0x00007ffdbf7f0000 - 0x00007ffdbf9d4000 	C:\WINDOWS\SYSTEM32\DBGHELP.DLL
0x00007ffdb3670000 - 0x00007ffdb369c000 	C:\WINDOWS\SYSTEM32\dbgcore.DLL
0x00007ffdc12c0000 - 0x00007ffdc1342000 	C:\WINDOWS\System32\bcryptPrimitives.dll
0x00007ffda7e60000 - 0x00007ffda7e88000 	C:\Program Files\AdoptOpenJDK\jdk-11.0.11.9-hotspot\bin\java.dll
0x00007ffdb9210000 - 0x00007ffdb921a000 	C:\Program Files\AdoptOpenJDK\jdk-11.0.11.9-hotspot\bin\jimage.dll
0x00007ffda7ad0000 - 0x00007ffda7ae7000 	C:\Program Files\AdoptOpenJDK\jdk-11.0.11.9-hotspot\bin\zip.dll
0x00007ffdc1fa0000 - 0x00007ffdc26e3000 	C:\WINDOWS\System32\SHELL32.dll
0x00007ffdbef90000 - 0x00007ffdbf725000 	C:\WINDOWS\SYSTEM32\windows.storage.dll
0x00007ffdc2a00000 - 0x00007ffdc2d54000 	C:\WINDOWS\System32\combase.dll
0x00007ffdc0ba0000 - 0x00007ffdc0bd0000 	C:\WINDOWS\SYSTEM32\Wldp.dll
0x00007ffdc1af0000 - 0x00007ffdc1b9d000 	C:\WINDOWS\System32\SHCORE.dll
0x00007ffdc1e80000 - 0x00007ffdc1ed5000 	C:\WINDOWS\System32\shlwapi.dll
0x00007ffdc10f0000 - 0x00007ffdc110f000 	C:\WINDOWS\SYSTEM32\profapi.dll
0x00007ffda6a50000 - 0x00007ffda6a69000 	C:\Program Files\AdoptOpenJDK\jdk-11.0.11.9-hotspot\bin\net.dll
0x00007ffdb8350000 - 0x00007ffdb845a000 	C:\WINDOWS\SYSTEM32\WINHTTP.dll
0x00007ffdc0900000 - 0x00007ffdc096a000 	C:\WINDOWS\system32\mswsock.dll
0x00007ffda2bb0000 - 0x00007ffda2bc2000 	C:\Program Files\AdoptOpenJDK\jdk-11.0.11.9-hotspot\bin\nio.dll
0x00007ffd854e0000 - 0x00007ffd85555000 	C:\Users\qncub\AppData\Local\Temp\lwjglqncub\3.3.1-build-7\lwjgl.dll
0x00007ffd855e0000 - 0x00007ffd85641000 	C:\Users\qncub\AppData\Local\Temp\lwjglqncub\3.3.1-build-7\glfw.dll
0x00007ffd86470000 - 0x00007ffd864b5000 	C:\WINDOWS\SYSTEM32\dinput8.dll
0x00007ffd93650000 - 0x00007ffd93661000 	C:\WINDOWS\SYSTEM32\xinput1_4.dll
0x00007ffdc1810000 - 0x00007ffdc185e000 	C:\WINDOWS\System32\cfgmgr32.dll
0x00007ffdc0f60000 - 0x00007ffdc0f8c000 	C:\WINDOWS\SYSTEM32\DEVOBJ.dll
0x00007ffdbe7b0000 - 0x00007ffdbe7df000 	C:\WINDOWS\SYSTEM32\dwmapi.dll
0x00007ffd9c700000 - 0x00007ffd9c852000 	C:\WINDOWS\SYSTEM32\inputhost.dll
0x00007ffdc1d20000 - 0x00007ffdc1ded000 	C:\WINDOWS\System32\OLEAUT32.dll
0x00007ffdbec50000 - 0x00007ffdbed46000 	C:\WINDOWS\SYSTEM32\PROPSYS.dll
0x00007ffdba230000 - 0x00007ffdba384000 	C:\WINDOWS\SYSTEM32\wintypes.dll
0x00007ffdbac60000 - 0x00007ffdbad52000 	C:\WINDOWS\SYSTEM32\CoreMessaging.dll
0x00007ffdba900000 - 0x00007ffdbac5e000 	C:\WINDOWS\SYSTEM32\CoreUIComponents.dll
0x00007ffdbfeb0000 - 0x00007ffdbfee3000 	C:\WINDOWS\SYSTEM32\ntmarta.dll
0x00007ffdbe290000 - 0x00007ffdbe32e000 	C:\WINDOWS\system32\uxtheme.dll
0x00007ffdc3060000 - 0x00007ffdc3175000 	C:\WINDOWS\System32\MSCTF.dll
0x00007ffd62310000 - 0x00007ffd62391000 	C:\Users\qncub\AppData\Local\Temp\lwjglqncub\3.3.1-build-7\lwjgl_stb.dll
0x00007ffd63d60000 - 0x00007ffd63dbd000 	C:\Users\qncub\AppData\Local\Temp\lwjglqncub\3.3.1-build-7\lwjgl_opengl.dll
0x00007ffd99d90000 - 0x00007ffd99eb7000 	C:\WINDOWS\SYSTEM32\opengl32.dll
0x00007ffd9a770000 - 0x00007ffd9a79c000 	C:\WINDOWS\SYSTEM32\GLU32.dll

dbghelp: loaded successfully - version: 4.0.5 - missing functions: none
symbol engine: initialized successfully - sym options: 0x614 - pdb path: .;C:\Program Files\AdoptOpenJDK\jdk-11.0.11.9-hotspot\bin;C:\WINDOWS\SYSTEM32;C:\Program Files\Avast Software\Avast;C:\WINDOWS\WinSxS\amd64_microsoft.windows.common-controls_6595b64144ccf1df_6.0.19041.1110_none_60b5254171f9507e;C:\Program Files\AdoptOpenJDK\jdk-11.0.11.9-hotspot\bin\server;C:\Users\qncub\AppData\Local\Temp\lwjglqncub\3.3.1-build-7

VM Arguments:
java_command: ShadowDimension
java_class_path (initial): C:\Users\qncub\Desktop\Uni\2022 S2 SWEN20003 - Object Oriented Software Development\Project 2\qnnguy-project-2\target\classes;C:\Users\qncub\.m2\repository\org\lwjgl\lwjgl\3.3.1\lwjgl-3.3.1.jar;C:\Users\qncub\.m2\repository\org\lwjgl\lwjgl-assimp\3.3.1\lwjgl-assimp-3.3.1.jar;C:\Users\qncub\.m2\repository\org\lwjgl\lwjgl-glfw\3.3.1\lwjgl-glfw-3.3.1.jar;C:\Users\qncub\.m2\repository\org\lwjgl\lwjgl-openal\3.3.1\lwjgl-openal-3.3.1.jar;C:\Users\qncub\.m2\repository\org\lwjgl\lwjgl-opengl\3.3.1\lwjgl-opengl-3.3.1.jar;C:\Users\qncub\.m2\repository\org\lwjgl\lwjgl-stb\3.3.1\lwjgl-stb-3.3.1.jar;C:\Users\qncub\.m2\repository\org\lwjgl\lwjgl\3.3.1\lwjgl-3.3.1-natives-windows.jar;C:\Users\qncub\.m2\repository\org\lwjgl\lwjgl-assimp\3.3.1\lwjgl-assimp-3.3.1-natives-windows.jar;C:\Users\qncub\.m2\repository\org\lwjgl\lwjgl-glfw\3.3.1\lwjgl-glfw-3.3.1-natives-windows.jar;C:\Users\qncub\.m2\repository\org\lwjgl\lwjgl-openal\3.3.1\lwjgl-openal-3.3.1-natives-windows.jar;C:\Users\qncub\.m2\repository\org\lwjgl\lwjgl-opengl\3.3.1\lwjgl-opengl-3.3.1-natives-windows.jar;C:\Users\qncub\.m2\repository\org\lwjgl\lwjgl-stb\3.3.1\lwjgl-stb-3.3.1-natives-windows.jar;C:\Users\qncub\.m2\repository\io\github\eleanor-em\bagel\1.9.3\bagel-1.9.3.jar
Launcher Type: SUN_STANDARD

[Global flags]
     intx CICompilerCount                          = 4                                         {product} {ergonomic}
     uint ConcGCThreads                            = 2                                         {product} {ergonomic}
     uint G1ConcRefinementThreads                  = 8                                         {product} {ergonomic}
   size_t G1HeapRegionSize                         = 1048576                                   {product} {ergonomic}
    uintx GCDrainStackTargetSize                   = 64                                        {product} {ergonomic}
   size_t InitialHeapSize                          = 262144000                                 {product} {ergonomic}
   size_t MarkStackSize                            = 4194304                                   {product} {ergonomic}
   size_t MaxHeapSize                              = 4188012544                                {product} {ergonomic}
   size_t MaxNewSize                               = 2512388096                                {product} {ergonomic}
   size_t MinHeapDeltaBytes                        = 1048576                                   {product} {ergonomic}
    uintx NonNMethodCodeHeapSize                   = 5836300                                {pd product} {ergonomic}
    uintx NonProfiledCodeHeapSize                  = 122910970                              {pd product} {ergonomic}
    uintx ProfiledCodeHeapSize                     = 122910970                              {pd product} {ergonomic}
    uintx ReservedCodeCacheSize                    = 251658240                              {pd product} {ergonomic}
     bool SegmentedCodeCache                       = true                                      {product} {ergonomic}
     bool UseCompressedClassPointers               = true                                 {lp64_product} {ergonomic}
     bool UseCompressedOops                        = true                                 {lp64_product} {ergonomic}
     bool UseG1GC                                  = true                                      {product} {ergonomic}
     bool UseLargePagesIndividualAllocation        = false                                  {pd product} {ergonomic}

Logging:
Log output configuration:
 #0: stdout all=warning uptime,level,tags
 #1: stderr all=off uptime,level,tags

Environment Variables:
PATH=C:\Python310\Scripts\;C:\Python310\;C:\Program Files\Common Files\Oracle\Java\javapath;C:\Program Files\AdoptOpenJDK\jdk-11.0.11.9-hotspot\bin;C:\Program Files (x86)\Common Files\Oracle\Java\javapath;C:\Program Files (x86)\Common Files\Intel\Shared Libraries\redist\intel64\compiler;C:\WINDOWS\system32;C:\WINDOWS;C:\WINDOWS\System32\Wbem;C:\WINDOWS\System32\WindowsPowerShell\v1.0\;C:\WINDOWS\System32\OpenSSH\;C:\Program Files\MiKTeX\miktex\bin\x64\;C:\Program Files\MATLAB\R2020b\bin;C:\Program Files\jEdit;C:\ProgramData\chocolatey\bin;C:\tools\Manim\Scripts;C:\ffmpeg\bin;C:\Program Files\Git\cmd;C:\Users\qncub\scoop\apps\latex\current\texmfs\install\miktex\bin\x64;C:\Users\qncub\scoop\apps\python\current\Scripts;C:\Users\qncub\scoop\apps\python\current;C:\Users\qncub\scoop\shims;C:\Users\qncub\AppData\Local\Microsoft\WindowsApps;C:\Users\qncub\AppData\Local\Programs\Microsoft VS Code\bin;C:\Users\qncub\AppData\Local\Programs\MiKTeX\miktex\bin\x64\;C:\tools\TinyTeX\bin\win32;C:\ffmpeg\bin;C:\Python310\Scripts\;C:\Python310\
USERNAME=qncub
LANG=en_GB.UTF-8
OS=Windows_NT
PROCESSOR_IDENTIFIER=Intel64 Family 6 Model 126 Stepping 5, GenuineIntel



---------------  S Y S T E M  ---------------

OS: Windows 10 , 64 bit Build 19041 (10.0.19041.1889)
OS uptime: 10 days 2:12 hours

CPU:total 8 (initial active 8) (4 cores per cpu, 2 threads per core) family 6 model 126 stepping 5 microcode 0xb0, cmov, cx8, fxsr, mmx, sse, sse2, sse3, ssse3, sse4.1, sse4.2, popcnt, avx, avx2, aes, clmul, erms, 3dnowpref, lzcnt, ht, tsc, tscinvbit, bmi1, bmi2, adx, evex, sha, fma

Memory: 4k page, system-wide physical 15970M (3039M free)
TotalPageFile size 30282M (AvailPageFile size 6266M)
current process WorkingSet (physical memory assigned to process): 62M, peak: 62M
current process commit charge ("private bytes"): 347M, peak: 347M

vm_info: OpenJDK 64-Bit Server VM (11.0.11+9) for windows-amd64 JRE (11.0.11+9), built on Apr 20 2021 21:22:09 by "" with MS VC++ 15.9 (VS2017)

END.
